<?xml version="1.0" encoding="UTF-8"?>
<!-- Generated by org.testng.reporters.JUnitReportReporter -->
<testsuite hostname="DESKTOP-I89L11M" failures="0" tests="3" name="suresh.sample2" time="0.016" errors="0" timestamp="2023-09-05T23:20:17 IST" skipped="0">
  <testcase classname="suresh.sample2" name="tc6" time="0.005"/>
  <system-out>
    <![CDATA[ i am from tc6]]>
  </system-out>
  <testcase classname="suresh.sample2" name="tc4" time="0.003"/>
  <system-out>
    <![CDATA[ i am from tc4]]>
  </system-out>
  <testcase classname="suresh.sample2" name="tc5" time="0.008"/>
  <system-out>
    <![CDATA[ i am from tc5]]>
  </system-out>
</testsuite> <!-- suresh.sample2 -->
