<?xml version="1.0" encoding="UTF-8"?>
<!-- Generated by org.testng.reporters.JUnitReportReporter -->
<testsuite hostname="DESKTOP-I89L11M" failures="0" tests="1" name="suresh.annotaions_flow" time="0.020" errors="0" timestamp="2023-09-05T22:34:09 IST" skipped="0">
  <testcase classname="suresh.annotaions_flow" name="t1" time="0.020"/>
  <system-out>
    <![CDATA[===main test case===]]>
  </system-out>
</testsuite> <!-- suresh.annotaions_flow -->
