<?xml version="1.0" encoding="UTF-8"?>
<!-- Generated by org.testng.reporters.JUnitReportReporter -->
<testsuite hostname="DESKTOP-I89L11M" failures="0" tests="3" name="suresh.multiple_testng" time="0.034" errors="0" timestamp="2023-08-30T15:05:00 IST" skipped="0">
  <testcase classname="suresh.multiple_testng" name="m3" time="0.007"/>
  <system-out>
    <![CDATA[boss i am from tc3]]>
  </system-out>
  <testcase classname="suresh.multiple_testng" name="m2" time="0.005"/>
  <system-out>
    <![CDATA[boss i am from tc2]]>
  </system-out>
  <testcase classname="suresh.multiple_testng" name="m1" time="0.022"/>
  <system-out>
    <![CDATA[boss i am from tc1]]>
  </system-out>
</testsuite> <!-- suresh.multiple_testng -->
