<?xml version="1.0" encoding="UTF-8"?>
<!-- Generated by org.testng.reporters.JUnitReportReporter -->
<testsuite hostname="DESKTOP-I89L11M" failures="0" tests="3" name="suresh.sample3" time="0.009" errors="0" timestamp="2023-09-05T23:20:17 IST" skipped="0">
  <testcase classname="suresh.sample3" name="tc7" time="0.002"/>
  <system-out>
    <![CDATA[ i am from tc7]]>
  </system-out>
  <testcase classname="suresh.sample3" name="tc9" time="0.003"/>
  <system-out>
    <![CDATA[ i am from tc9]]>
  </system-out>
  <testcase classname="suresh.sample3" name="tc8" time="0.004"/>
  <system-out>
    <![CDATA[ i am from tc8]]>
  </system-out>
</testsuite> <!-- suresh.sample3 -->
