<?xml version="1.0" encoding="UTF-8"?>
<!-- Generated by org.testng.reporters.JUnitReportReporter -->
<testsuite hostname="DESKTOP-I89L11M" failures="0" tests="2" name="suresh.test_ngprogram" time="0.017" errors="0" timestamp="2023-08-30T16:51:56 IST" skipped="0">
  <testcase classname="suresh.test_ngprogram" name="m2" time="0.003"/>
  <system-out>
    <![CDATA[hello i am from tc2 ]]>
  </system-out>
  <testcase classname="suresh.test_ngprogram" name="m1" time="0.014"/>
  <system-out>
    <![CDATA[boss i am from tc1
hello i am from tc0 ]]>
  </system-out>
</testsuite> <!-- suresh.test_ngprogram -->
