<?xml version="1.0" encoding="UTF-8"?>
<!-- Generated by org.testng.reporters.JUnitReportReporter -->
<testsuite hostname="DESKTOP-I89L11M" failures="0" tests="3" name="suresh.sample1" time="0.026" errors="0" timestamp="2023-09-05T23:20:17 IST" skipped="0">
  <testcase classname="suresh.sample1" name="tc3" time="0.005"/>
  <system-out>
    <![CDATA[ i am from tc3]]>
  </system-out>
  <testcase classname="suresh.sample1" name="tc2" time="0.005"/>
  <system-out>
    <![CDATA[i am from tc2]]>
  </system-out>
  <testcase classname="suresh.sample1" name="tc1" time="0.016"/>
  <system-out>
    <![CDATA[i am from tc1]]>
  </system-out>
</testsuite> <!-- suresh.sample1 -->
